This is pdfTeX, Version 3.14159265-2.6-1.40.16 (TeX Live 2015) (preloaded format=latex 2015.5.24)  24 JUL 2016 10:35
entering extended mode
 restricted \write18 enabled.
 Source specials enabled.
 %&-line parsing enabled.
**main.tex
(./main.tex
LaTeX2e <2015/01/01>
Babel <3.9l> and hyphenation patterns for 79 languages loaded.
(./begin_settings.tex
(/usr/local/texlive/2015/texmf-dist/tex/latex/base/book.cls
Document Class: book 2014/09/29 v1.4h Standard LaTeX document class
(/usr/local/texlive/2015/texmf-dist/tex/latex/base/bk12.clo
File: bk12.clo 2014/09/29 v1.4h Standard LaTeX file (size option)
)
\c@part=\count79
\c@chapter=\count80
\c@section=\count81
\c@subsection=\count82
\c@subsubsection=\count83
\c@paragraph=\count84
\c@subparagraph=\count85
\c@figure=\count86
\c@table=\count87
\abovecaptionskip=\skip41
\belowcaptionskip=\skip42
\bibindent=\dimen102
)
(/usr/local/texlive/2015/texmf-dist/tex/latex/base/inputenc.sty
Package: inputenc 2015/03/17 v1.2c Input encoding file
\inpenc@prehook=\toks14
\inpenc@posthook=\toks15

(/usr/local/texlive/2015/texmf-dist/tex/latex/base/utf8.def
File: utf8.def 2014/09/29 v1.1m UTF-8 support for inputenc
Now handling font encoding OML ...
... no UTF-8 mapping file for font encoding OML
Now handling font encoding T1 ...
... processing UTF-8 mapping file for font encoding T1

(/usr/local/texlive/2015/texmf-dist/tex/latex/base/t1enc.dfu
File: t1enc.dfu 2014/09/29 v1.1m UTF-8 support for inputenc
   defining Unicode char U+00A1 (decimal 161)
   defining Unicode char U+00A3 (decimal 163)
   defining Unicode char U+00AB (decimal 171)
   defining Unicode char U+00BB (decimal 187)
   defining Unicode char U+00BF (decimal 191)
   defining Unicode char U+00C0 (decimal 192)
   defining Unicode char U+00C1 (decimal 193)
   defining Unicode char U+00C2 (decimal 194)
   defining Unicode char U+00C3 (decimal 195)
   defining Unicode char U+00C4 (decimal 196)
   defining Unicode char U+00C5 (decimal 197)
   defining Unicode char U+00C6 (decimal 198)
   defining Unicode char U+00C7 (decimal 199)
   defining Unicode char U+00C8 (decimal 200)
   defining Unicode char U+00C9 (decimal 201)
   defining Unicode char U+00CA (decimal 202)
   defining Unicode char U+00CB (decimal 203)
   defining Unicode char U+00CC (decimal 204)
   defining Unicode char U+00CD (decimal 205)
   defining Unicode char U+00CE (decimal 206)
   defining Unicode char U+00CF (decimal 207)
   defining Unicode char U+00D0 (decimal 208)
   defining Unicode char U+00D1 (decimal 209)
   defining Unicode char U+00D2 (decimal 210)
   defining Unicode char U+00D3 (decimal 211)
   defining Unicode char U+00D4 (decimal 212)
   defining Unicode char U+00D5 (decimal 213)
   defining Unicode char U+00D6 (decimal 214)
   defining Unicode char U+00D8 (decimal 216)
   defining Unicode char U+00D9 (decimal 217)
   defining Unicode char U+00DA (decimal 218)
   defining Unicode char U+00DB (decimal 219)
   defining Unicode char U+00DC (decimal 220)
   defining Unicode char U+00DD (decimal 221)
   defining Unicode char U+00DE (decimal 222)
   defining Unicode char U+00DF (decimal 223)
   defining Unicode char U+00E0 (decimal 224)
   defining Unicode char U+00E1 (decimal 225)
   defining Unicode char U+00E2 (decimal 226)
   defining Unicode char U+00E3 (decimal 227)
   defining Unicode char U+00E4 (decimal 228)
   defining Unicode char U+00E5 (decimal 229)
   defining Unicode char U+00E6 (decimal 230)
   defining Unicode char U+00E7 (decimal 231)
   defining Unicode char U+00E8 (decimal 232)
   defining Unicode char U+00E9 (decimal 233)
   defining Unicode char U+00EA (decimal 234)
   defining Unicode char U+00EB (decimal 235)
   defining Unicode char U+00EC (decimal 236)
   defining Unicode char U+00ED (decimal 237)
   defining Unicode char U+00EE (decimal 238)
   defining Unicode char U+00EF (decimal 239)
   defining Unicode char U+00F0 (decimal 240)
   defining Unicode char U+00F1 (decimal 241)
   defining Unicode char U+00F2 (decimal 242)
   defining Unicode char U+00F3 (decimal 243)
   defining Unicode char U+00F4 (decimal 244)
   defining Unicode char U+00F5 (decimal 245)
   defining Unicode char U+00F6 (decimal 246)
   defining Unicode char U+00F8 (decimal 248)
   defining Unicode char U+00F9 (decimal 249)
   defining Unicode char U+00FA (decimal 250)
   defining Unicode char U+00FB (decimal 251)
   defining Unicode char U+00FC (decimal 252)
   defining Unicode char U+00FD (decimal 253)
   defining Unicode char U+00FE (decimal 254)
   defining Unicode char U+00FF (decimal 255)
   defining Unicode char U+0102 (decimal 258)
   defining Unicode char U+0103 (decimal 259)
   defining Unicode char U+0104 (decimal 260)
   defining Unicode char U+0105 (decimal 261)
   defining Unicode char U+0106 (decimal 262)
   defining Unicode char U+0107 (decimal 263)
   defining Unicode char U+010C (decimal 268)
   defining Unicode char U+010D (decimal 269)
   defining Unicode char U+010E (decimal 270)
   defining Unicode char U+010F (decimal 271)
   defining Unicode char U+0110 (decimal 272)
   defining Unicode char U+0111 (decimal 273)
   defining Unicode char U+0118 (decimal 280)
   defining Unicode char U+0119 (decimal 281)
   defining Unicode char U+011A (decimal 282)
   defining Unicode char U+011B (decimal 283)
   defining Unicode char U+011E (decimal 286)
   defining Unicode char U+011F (decimal 287)
   defining Unicode char U+0130 (decimal 304)
   defining Unicode char U+0131 (decimal 305)
   defining Unicode char U+0132 (decimal 306)
   defining Unicode char U+0133 (decimal 307)
   defining Unicode char U+0139 (decimal 313)
   defining Unicode char U+013A (decimal 314)
   defining Unicode char U+013D (decimal 317)
   defining Unicode char U+013E (decimal 318)
   defining Unicode char U+0141 (decimal 321)
   defining Unicode char U+0142 (decimal 322)
   defining Unicode char U+0143 (decimal 323)
   defining Unicode char U+0144 (decimal 324)
   defining Unicode char U+0147 (decimal 327)
   defining Unicode char U+0148 (decimal 328)
   defining Unicode char U+014A (decimal 330)
   defining Unicode char U+014B (decimal 331)
   defining Unicode char U+0150 (decimal 336)
   defining Unicode char U+0151 (decimal 337)
   defining Unicode char U+0152 (decimal 338)
   defining Unicode char U+0153 (decimal 339)
   defining Unicode char U+0154 (decimal 340)
   defining Unicode char U+0155 (decimal 341)
   defining Unicode char U+0158 (decimal 344)
   defining Unicode char U+0159 (decimal 345)
   defining Unicode char U+015A (decimal 346)
   defining Unicode char U+015B (decimal 347)
   defining Unicode char U+015E (decimal 350)
   defining Unicode char U+015F (decimal 351)
   defining Unicode char U+0160 (decimal 352)
   defining Unicode char U+0161 (decimal 353)
   defining Unicode char U+0162 (decimal 354)
   defining Unicode char U+0163 (decimal 355)
   defining Unicode char U+0164 (decimal 356)
   defining Unicode char U+0165 (decimal 357)
   defining Unicode char U+016E (decimal 366)
   defining Unicode char U+016F (decimal 367)
   defining Unicode char U+0170 (decimal 368)
   defining Unicode char U+0171 (decimal 369)
   defining Unicode char U+0178 (decimal 376)
   defining Unicode char U+0179 (decimal 377)
   defining Unicode char U+017A (decimal 378)
   defining Unicode char U+017B (decimal 379)
   defining Unicode char U+017C (decimal 380)
   defining Unicode char U+017D (decimal 381)
   defining Unicode char U+017E (decimal 382)
   defining Unicode char U+200C (decimal 8204)
   defining Unicode char U+2013 (decimal 8211)
   defining Unicode char U+2014 (decimal 8212)
   defining Unicode char U+2018 (decimal 8216)
   defining Unicode char U+2019 (decimal 8217)
   defining Unicode char U+201A (decimal 8218)
   defining Unicode char U+201C (decimal 8220)
   defining Unicode char U+201D (decimal 8221)
   defining Unicode char U+201E (decimal 8222)
   defining Unicode char U+2030 (decimal 8240)
   defining Unicode char U+2031 (decimal 8241)
   defining Unicode char U+2039 (decimal 8249)
   defining Unicode char U+203A (decimal 8250)
   defining Unicode char U+2423 (decimal 9251)
)
Now handling font encoding OT1 ...
... processing UTF-8 mapping file for font encoding OT1

(/usr/local/texlive/2015/texmf-dist/tex/latex/base/ot1enc.dfu
File: ot1enc.dfu 2014/09/29 v1.1m UTF-8 support for inputenc
   defining Unicode char U+00A1 (decimal 161)
   defining Unicode char U+00A3 (decimal 163)
   defining Unicode char U+00B8 (decimal 184)
   defining Unicode char U+00BF (decimal 191)
   defining Unicode char U+00C5 (decimal 197)
   defining Unicode char U+00C6 (decimal 198)
   defining Unicode char U+00D8 (decimal 216)
   defining Unicode char U+00DF (decimal 223)
   defining Unicode char U+00E6 (decimal 230)
   defining Unicode char U+00EC (decimal 236)
   defining Unicode char U+00ED (decimal 237)
   defining Unicode char U+00EE (decimal 238)
   defining Unicode char U+00EF (decimal 239)
   defining Unicode char U+00F8 (decimal 248)
   defining Unicode char U+0131 (decimal 305)
   defining Unicode char U+0141 (decimal 321)
   defining Unicode char U+0142 (decimal 322)
   defining Unicode char U+0152 (decimal 338)
   defining Unicode char U+0153 (decimal 339)
   defining Unicode char U+2013 (decimal 8211)
   defining Unicode char U+2014 (decimal 8212)
   defining Unicode char U+2018 (decimal 8216)
   defining Unicode char U+2019 (decimal 8217)
   defining Unicode char U+201C (decimal 8220)
   defining Unicode char U+201D (decimal 8221)
)
Now handling font encoding OMS ...
... processing UTF-8 mapping file for font encoding OMS

(/usr/local/texlive/2015/texmf-dist/tex/latex/base/omsenc.dfu
File: omsenc.dfu 2014/09/29 v1.1m UTF-8 support for inputenc
   defining Unicode char U+00A7 (decimal 167)
   defining Unicode char U+00B6 (decimal 182)
   defining Unicode char U+00B7 (decimal 183)
   defining Unicode char U+2020 (decimal 8224)
   defining Unicode char U+2021 (decimal 8225)
   defining Unicode char U+2022 (decimal 8226)
)
Now handling font encoding OMX ...
... no UTF-8 mapping file for font encoding OMX
Now handling font encoding U ...
... no UTF-8 mapping file for font encoding U
   defining Unicode char U+00A9 (decimal 169)
   defining Unicode char U+00AA (decimal 170)
   defining Unicode char U+00AE (decimal 174)
   defining Unicode char U+00BA (decimal 186)
   defining Unicode char U+02C6 (decimal 710)
   defining Unicode char U+02DC (decimal 732)
   defining Unicode char U+200C (decimal 8204)
   defining Unicode char U+2026 (decimal 8230)
   defining Unicode char U+2122 (decimal 8482)
   defining Unicode char U+2423 (decimal 9251)
))
(/usr/local/texlive/2015/texmf-dist/tex/latex/base/fontenc.sty
Package: fontenc 2005/09/27 v1.99g Standard LaTeX package

(/usr/local/texlive/2015/texmf-dist/tex/latex/base/t1enc.def
File: t1enc.def 2005/09/27 v1.99g Standard LaTeX file
LaTeX Font Info:    Redeclaring font encoding T1 on input line 48.
))
(/usr/local/texlive/2015/texmf-dist/tex/latex/listings/listings.sty
(/usr/local/texlive/2015/texmf-dist/tex/latex/graphics/keyval.sty
Package: keyval 2014/10/28 v1.15 key=value parser (DPC)
\KV@toks@=\toks16
)
\lst@mode=\count88
\lst@gtempboxa=\box26
\lst@token=\toks17
\lst@length=\count89
\lst@currlwidth=\dimen103
\lst@column=\count90
\lst@pos=\count91
\lst@lostspace=\dimen104
\lst@width=\dimen105
\lst@newlines=\count92
\lst@lineno=\count93
\lst@maxwidth=\dimen106

(/usr/local/texlive/2015/texmf-dist/tex/latex/listings/lstmisc.sty
File: lstmisc.sty 2014/09/06 1.5e (Carsten Heinz)
\c@lstnumber=\count94
\lst@skipnumbers=\count95
\lst@framebox=\box27
)
(/usr/local/texlive/2015/texmf-dist/tex/latex/listings/listings.cfg
File: listings.cfg 2014/09/06 1.5e listings configuration
))
Package: listings 2014/09/06 1.5e (Carsten Heinz)

(/usr/local/texlive/2015/texmf-dist/tex/latex/graphics/color.sty
Package: color 2014/10/28 v1.1a Standard LaTeX Color (DPC)

(/usr/local/texlive/2015/texmf-dist/tex/latex/latexconfig/color.cfg
File: color.cfg 2007/01/18 v1.5 color configuration of teTeX/TeXLive
)
Package color Info: Driver file: dvips.def on input line 142.

(/usr/local/texlive/2015/texmf-dist/tex/latex/graphics/dvips.def
File: dvips.def 2014/10/14 v3.0j Driver-dependent file (DPC,SPQR)
)
(/usr/local/texlive/2015/texmf-dist/tex/latex/graphics/dvipsnam.def
File: dvipsnam.def 2014/10/14 v3.0j Driver-dependent file (DPC,SPQR)
))
(/usr/local/texlive/2015/texmf-dist/tex/latex/graphics/graphicx.sty
Package: graphicx 2014/10/28 v1.0g Enhanced LaTeX Graphics (DPC,SPQR)

(/usr/local/texlive/2015/texmf-dist/tex/latex/graphics/graphics.sty
Package: graphics 2014/10/28 v1.0p Standard LaTeX Graphics (DPC,SPQR)

(/usr/local/texlive/2015/texmf-dist/tex/latex/graphics/trig.sty
Package: trig 1999/03/16 v1.09 sin cos tan (DPC)
)
(/usr/local/texlive/2015/texmf-dist/tex/latex/latexconfig/graphics.cfg
File: graphics.cfg 2010/04/23 v1.9 graphics configuration of TeX Live
)
Package graphics Info: Driver file: dvips.def on input line 94.
)
\Gin@req@height=\dimen107
\Gin@req@width=\dimen108
)
(./jindextools.sty
Package: jindextools 2010/05/17 Mira Janicek's index tools

(/usr/local/texlive/2015/texmf-dist/tex/latex/base/makeidx.sty
Package: makeidx 2014/09/29 v1.0m Standard LaTeX package
)
(/usr/local/texlive/2015/texmf-dist/tex/latex/rotating/rotating.sty
Package: rotating 2009/03/28 v2.16a rotated objects in LaTeX

(/usr/local/texlive/2015/texmf-dist/tex/latex/base/ifthen.sty
Package: ifthen 2014/09/29 v1.1c Standard LaTeX ifthen package (DPC)
)
\c@r@tfl@t=\count96
\rotFPtop=\skip43
\rotFPbot=\skip44
\rot@float@box=\box28
\rot@mess@toks=\toks18
))
(/usr/local/texlive/2015/texmf-dist/tex/latex/verbatimbox/verbatimbox.sty
Package: verbatimbox 2014/03/12 v3.13 Routines for placing verbatim text into b
oxes, useful in places where the verbatim environment is inaccessible. Secondar
ily, for adding vertical buffer around an object.

(/usr/local/texlive/2015/texmf-dist/tex/latex/tools/verbatim.sty
Package: verbatim 2014/10/28 v1.5q LaTeX2e package for verbatim enhancements
\every@verbatim=\toks19
\verbatim@line=\toks20
\verbatim@in@stream=\read1
)
(/usr/local/texlive/2015/texmf-dist/tex/latex/readarray/readarray.sty
Package: readarray 2013/05/09 v1.2 Routines for inputting array data and recall
ing it on an element-by-element basis. Currently supports 2-D and 3-D array

(/usr/local/texlive/2015/texmf-dist/tex/latex/ifnextok/ifnextok.sty
Package: ifnextok 2011/06/27 v0.3 test next token (UL)
)
\c@@index=\count97
\c@@plane=\count98
\c@@row=\count99
\c@@col=\count100
\c@use@args=\count101
\c@@record=\count102
\c@arg@index=\count103
\c@break@count=\count104
)
\savedverbbox=\box29
\c@VerbboxLineNo=\count105
\boxtopsep=\dimen109
\boxbottomsep=\dimen110
\ps@tempdima=\dimen111
\ps@tempboxa=\box30
\boxtop@sep=\skip45
\boxbottom@sep=\skip46
)
(/usr/local/texlive/2015/texmf-dist/tex/latex/amsmath/amsmath.sty
Package: amsmath 2013/01/14 v2.14 AMS math features
\@mathmargin=\skip47

For additional information on amsmath, use the `?' option.
(/usr/local/texlive/2015/texmf-dist/tex/latex/amsmath/amstext.sty
Package: amstext 2000/06/29 v2.01

(/usr/local/texlive/2015/texmf-dist/tex/latex/amsmath/amsgen.sty
File: amsgen.sty 1999/11/30 v2.0
\@emptytoks=\toks21
\ex@=\dimen112
))
(/usr/local/texlive/2015/texmf-dist/tex/latex/amsmath/amsbsy.sty
Package: amsbsy 1999/11/29 v1.2d
\pmbraise@=\dimen113
)
(/usr/local/texlive/2015/texmf-dist/tex/latex/amsmath/amsopn.sty
Package: amsopn 1999/12/14 v2.01 operator names
)
\inf@bad=\count106
LaTeX Info: Redefining \frac on input line 210.
\uproot@=\count107
\leftroot@=\count108
LaTeX Info: Redefining \overline on input line 306.
\classnum@=\count109
\DOTSCASE@=\count110
LaTeX Info: Redefining \ldots on input line 378.
LaTeX Info: Redefining \dots on input line 381.
LaTeX Info: Redefining \cdots on input line 466.
\Mathstrutbox@=\box31
\strutbox@=\box32
\big@size=\dimen114
LaTeX Font Info:    Redeclaring font encoding OML on input line 566.
LaTeX Font Info:    Redeclaring font encoding OMS on input line 567.
\macc@depth=\count111
\c@MaxMatrixCols=\count112
\dotsspace@=\muskip10
\c@parentequation=\count113
\dspbrk@lvl=\count114
\tag@help=\toks22
\row@=\count115
\column@=\count116
\maxfields@=\count117
\andhelp@=\toks23
\eqnshift@=\dimen115
\alignsep@=\dimen116
\tagshift@=\dimen117
\tagwidth@=\dimen118
\totwidth@=\dimen119
\lineht@=\dimen120
\@envbody=\toks24
\multlinegap=\skip48
\multlinetaggap=\skip49
\mathdisplay@stack=\toks25
LaTeX Info: Redefining \[ on input line 2665.
LaTeX Info: Redefining \] on input line 2666.
)
(/usr/local/texlive/2015/texmf-dist/tex/latex/amscls/amsthm.sty
Package: amsthm 2015/03/04 v2.20.2
\thm@style=\toks26
\thm@bodyfont=\toks27
\thm@headfont=\toks28
\thm@notefont=\toks29
\thm@headpunct=\toks30
\thm@preskip=\skip50
\thm@postskip=\skip51
\thm@headsep=\skip52
\dth@everypar=\toks31
)
(/usr/local/texlive/2015/texmf-dist/tex/latex/amsfonts/amssymb.sty
Package: amssymb 2013/01/14 v3.01 AMS font symbols

(/usr/local/texlive/2015/texmf-dist/tex/latex/amsfonts/amsfonts.sty
Package: amsfonts 2013/01/14 v3.01 Basic AMSFonts support
\symAMSa=\mathgroup4
\symAMSb=\mathgroup5
LaTeX Font Info:    Overwriting math alphabet `\mathfrak' in version `bold'
(Font)                  U/euf/m/n --> U/euf/b/n on input line 106.
))
(/usr/local/texlive/2015/texmf-dist/tex/latex/multirow/multirow.sty
\bigstrutjot=\dimen121
)
(/usr/local/texlive/2015/texmf-dist/tex/latex/pstricks/pstricks.sty
Package: pstricks 2013/12/12 v0.60 LaTeX wrapper for `PSTricks' (RN,HV)

(/usr/local/texlive/2015/texmf-dist/tex/generic/oberdiek/ifpdf.sty
Package: ifpdf 2011/01/30 v2.3 Provides the ifpdf switch (HO)
Package ifpdf Info: pdfTeX in PDF mode is not detected.
)
(/usr/local/texlive/2015/texmf-dist/tex/generic/pstricks/pstricks.tex
(/usr/local/texlive/2015/texmf-dist/tex/generic/xkeyval/pst-xkey.tex
File: pst-xkey.tex 2005/11/25 v1.6 PSTricks specialization of xkeyval (HA)

(/usr/local/texlive/2015/texmf-dist/tex/latex/xkeyval/xkeyval.sty
Package: xkeyval 2014/12/03 v2.7a package option processing (HA)

(/usr/local/texlive/2015/texmf-dist/tex/generic/xkeyval/xkeyval.tex
(/usr/local/texlive/2015/texmf-dist/tex/generic/xkeyval/xkvutils.tex
\XKV@toks=\toks32
\XKV@tempa@toks=\toks33
)
\XKV@depth=\count118
File: xkeyval.tex 2014/12/03 v2.7a key=value parser (HA)
)))
(/usr/local/texlive/2015/texmf-dist/tex/generic/pstricks/pst-fp.tex
`pst-fp' v0.05, 2010/01/17 (hv)
\pstFP@xs=\count119
\pstFP@xia=\count120
\pstFP@xib=\count121
\pstFP@xfa=\count122
\pstFP@xfb=\count123
\pstFP@rega=\count124
\pstFP@regb=\count125
\pstFP@regs=\count126
\pstFP@times=\count127
)
(/usr/local/texlive/2015/texmf-dist/tex/generic/pgf/utilities/pgfutil-common.te
x
\pgfutil@everybye=\toks34
\pgfutil@tempdima=\dimen122
\pgfutil@tempdimb=\dimen123

(/usr/local/texlive/2015/texmf-dist/tex/generic/pgf/utilities/pgfutil-common-li
sts.tex))
(/usr/local/texlive/2015/texmf-dist/tex/generic/pgf/utilities/pgfkeys.code.tex
\pgfkeys@pathtoks=\toks35
\pgfkeys@temptoks=\toks36

(/usr/local/texlive/2015/texmf-dist/tex/generic/pgf/utilities/pgfkeysfiltered.c
ode.tex
\pgfkeys@tmptoks=\toks37
))
(/usr/local/texlive/2015/texmf-dist/tex/generic/pgf/utilities/pgffor.code.tex
(/usr/local/texlive/2015/texmf-dist/tex/generic/pgf/math/pgfmath.code.tex
(/usr/local/texlive/2015/texmf-dist/tex/generic/pgf/math/pgfmathcalc.code.tex
(/usr/local/texlive/2015/texmf-dist/tex/generic/pgf/math/pgfmathutil.code.tex
\pgf@x=\dimen124
\pgf@xa=\dimen125
\pgf@xb=\dimen126
\pgf@xc=\dimen127
\pgf@y=\dimen128
\pgf@ya=\dimen129
\pgf@yb=\dimen130
\pgf@yc=\dimen131
\c@pgf@counta=\count128
\c@pgf@countb=\count129
\c@pgf@countc=\count130
\c@pgf@countd=\count131
\pgfutil@tempcnta=\count132
\pgfutil@tempcntb=\count133
)
(/usr/local/texlive/2015/texmf-dist/tex/generic/pgf/math/pgfmathparser.code.tex
\pgfmath@dimen=\dimen132
\pgfmath@count=\count134
\pgfmath@box=\box33
\pgfmath@toks=\toks38
\pgfmath@stack@operand=\toks39
\pgfmath@stack@operation=\toks40
)
(/usr/local/texlive/2015/texmf-dist/tex/generic/pgf/math/pgfmathfunctions.code.
tex
(/usr/local/texlive/2015/texmf-dist/tex/generic/pgf/math/pgfmathfunctions.basic
.code.tex)
(/usr/local/texlive/2015/texmf-dist/tex/generic/pgf/math/pgfmathfunctions.trigo
nometric.code.tex)
(/usr/local/texlive/2015/texmf-dist/tex/generic/pgf/math/pgfmathfunctions.rando
m.code.tex)
(/usr/local/texlive/2015/texmf-dist/tex/generic/pgf/math/pgfmathfunctions.compa
rison.code.tex)
(/usr/local/texlive/2015/texmf-dist/tex/generic/pgf/math/pgfmathfunctions.base.
code.tex)
(/usr/local/texlive/2015/texmf-dist/tex/generic/pgf/math/pgfmathfunctions.round
.code.tex)
(/usr/local/texlive/2015/texmf-dist/tex/generic/pgf/math/pgfmathfunctions.misc.
code.tex)
(/usr/local/texlive/2015/texmf-dist/tex/generic/pgf/math/pgfmathfunctions.integ
erarithmetics.code.tex)))
(/usr/local/texlive/2015/texmf-dist/tex/generic/pgf/math/pgfmathfloat.code.tex
\c@pgfmathroundto@lastzeros=\count135
))
\pgffor@iter=\dimen133
\pgffor@skip=\dimen134
\pgffor@stack=\toks41
\pgffor@toks=\toks42
)
\psLoopIndex=\count136

`PSTricks' v2.60  <2014/10/25> (tvz)
\pst@dima=\dimen135
\pst@dimb=\dimen136
\pst@dimc=\dimen137
\pst@dimd=\dimen138
\pst@dimg=\dimen139
\pst@dimh=\dimen140
\pst@dimm=\dimen141
\pst@dimn=\dimen142
\pst@dimo=\dimen143
\pst@dimp=\dimen144
\pst@hbox=\box34
\pst@ibox=\box35
\pst@boxg=\box36
\pst@cnta=\count137
\pst@cntb=\count138
\pst@cntc=\count139
\pst@cntd=\count140
\pst@cntg=\count141
\pst@cnth=\count142
\pst@cntm=\count143
\pst@cntn=\count144
\pst@cnto=\count145
\pst@cntp=\count146
\@zero=\count147
\pst@toks=\toks43
(/usr/local/texlive/2015/texmf-dist/tex/generic/pstricks/pstricks.con)
\psunit=\dimen145
\psxunit=\dimen146
\psyunit=\dimen147
\pst@C@@rType=\count148
\pslinewidth=\dimen148
\psk@startLW=\dimen149
\psk@endLW=\dimen150
\pst@customdefs=\toks44
\pslinearc=\dimen151
\pst@symbolStep=\dimen152
\pst@symbolWidth=\dimen153
\pst@symbolLinewidth=\dimen154
\everypsbox=\toks45
\psframesep=\dimen155
\pslabelsep=\dimen156
\sh@wgridXunit=\dimen157
\sh@wgridYunit=\dimen158
\pst@shift=\dimen159
)
File: pstricks.tex 2014/10/25 v2.60 `PSTricks' (tvz,hv)

(/usr/local/texlive/2015/texmf-dist/tex/generic/pstricks/pst-fp.tex)
File: pst-fp.tex 2014/10/25 v2.60 `PST-fp' (hv)

(/usr/local/texlive/2015/texmf-dist/tex/latex/xcolor/xcolor.sty
Package: xcolor 2007/01/21 v2.11 LaTeX color extensions (UK)

(/usr/local/texlive/2015/texmf-dist/tex/latex/latexconfig/color.cfg
File: color.cfg 2007/01/18 v1.5 color configuration of teTeX/TeXLive
)
Package xcolor Info: Package option `usenames' ignored on input line 216.
Package xcolor Info: Driver file: dvips.def on input line 225.
LaTeX Info: Redefining \color on input line 702.
Package xcolor Info: Model `cmy' substituted by `cmy0' on input line 1337.
Package xcolor Info: Model `RGB' extended on input line 1353.
Package xcolor Info: Model `HTML' substituted by `rgb' on input line 1355.
Package xcolor Info: Model `Hsb' substituted by `hsb' on input line 1356.
Package xcolor Info: Model `tHsb' substituted by `hsb' on input line 1357.
Package xcolor Info: Model `HSB' substituted by `hsb' on input line 1358.
Package xcolor Info: Model `Gray' substituted by `gray' on input line 1359.
Package xcolor Info: Model `wave' substituted by `hsb' on input line 1360.

(/usr/local/texlive/2015/texmf-dist/tex/latex/graphics/dvipsnam.def
File: dvipsnam.def 2014/10/14 v3.0j Driver-dependent file (DPC,SPQR)
)))
(/usr/local/texlive/2015/texmf-dist/tex/latex/graphics/epsfig.sty
Package: epsfig 1999/02/16 v1.7a (e)psfig emulation (SPQR)
\epsfxsize=\dimen160
\epsfysize=\dimen161
)
(/usr/local/texlive/2015/texmf-dist/tex/latex/pst-grad/pst-grad.sty
Package: pst-grad 2004/07/15 package wrapper for pst-grad.tex (hv)

(/usr/local/texlive/2015/texmf-dist/tex/generic/pst-grad/pst-grad.tex
`pst-grad' v1.06, 2006/11/27 (tvz,dg,hv))
File: pst-grad.tex 2006/11/27 1.06 `pst-grad' (tvz)
)
(/usr/local/texlive/2015/texmf-dist/tex/latex/pst-plot/pst-plot.sty
Package: pst-plot 2011/06/05 v1.00 LaTeX wrapper for `pst-plot' (HV)

(/usr/local/texlive/2015/texmf-dist/tex/latex/xkeyval/pst-xkey.sty
Package: pst-xkey 2005/11/25 v1.6 package wrapper for pst-xkey.tex (HA)
)
(/usr/local/texlive/2015/texmf-dist/tex/latex/multido/multido.sty
Package: multido 2004/05/17 package wrapper for PSTricks `multido.tex', (HV/RN)


(/usr/local/texlive/2015/texmf-dist/tex/generic/multido/multido.tex
 v1.42, 2010/05/14 <tvz>
\multido@count=\count149
\multidocount=\count150
\multido@stuff=\toks46
)
File: multido.tex 2010/05/14 v1.42 `multido' (tvz,hv)
)
Package: pst-plot 2011/04/13 package wrapper for pst-plot.tex (hv)

(/usr/local/texlive/2015/texmf-dist/tex/generic/pst-plot/pst-plot.tex
(/usr/local/texlive/2015/texmf-dist/tex/generic/pst-tools/pst-tools.tex
`PST-tools' v0.05, 2014/05/12 (hv))  v1.70, 2014/08/23 (tvz,hv)
\pstRadUnit=\dimen162
\pstRadUnitInv=\dimen163
\pst@linecnt=\count151
\RCD@file=\read2
\psxlabelsep=\dimen164
\psylabelsep=\dimen165
\psk@subticksize=\dimen166
\pst@xticksizeA=\dimen167
\pst@xticksizeB=\dimen168
\pst@xticksizeC=\dimen169
\pst@yticksizeA=\dimen170
\pst@yticksizeB=\dimen171
\pst@yticksizeC=\dimen172
\@digitcounter=\count152
\psk@llx=\dimen173
\psk@lly=\dimen174
\psk@urx=\dimen175
\psk@ury=\dimen176
\pst@xunit=\dimen177
\pst@yunit=\dimen178
)
File: pst-plot.tex 2014/08/23 1.70 `pst-plot' (tvz,hv)
)
(/usr/local/texlive/2015/texmf-dist/tex/latex/pgf/frontendlayer/tikz.sty
(/usr/local/texlive/2015/texmf-dist/tex/latex/pgf/basiclayer/pgf.sty
(/usr/local/texlive/2015/texmf-dist/tex/latex/pgf/utilities/pgfrcs.sty
(/usr/local/texlive/2015/texmf-dist/tex/generic/pgf/utilities/pgfutil-common.te
x
\pgfutil@everybye=\toks47
\pgfutil@tempdima=\dimen179
\pgfutil@tempdimb=\dimen180

(/usr/local/texlive/2015/texmf-dist/tex/generic/pgf/utilities/pgfutil-common-li
sts.tex))
(/usr/local/texlive/2015/texmf-dist/tex/generic/pgf/utilities/pgfutil-latex.def
\pgfutil@abb=\box37
(/usr/local/texlive/2015/texmf-dist/tex/latex/ms/everyshi.sty
Package: everyshi 2001/05/15 v3.00 EveryShipout Package (MS)
))
(/usr/local/texlive/2015/texmf-dist/tex/generic/pgf/utilities/pgfrcs.code.tex
Package: pgfrcs 2013/12/20 v3.0.0 (rcs-revision 1.28)
))
Package: pgf 2013/12/18 v3.0.0 (rcs-revision 1.14)
(/usr/local/texlive/2015/texmf-dist/tex/latex/pgf/basiclayer/pgfcore.sty
(/usr/local/texlive/2015/texmf-dist/tex/latex/pgf/systemlayer/pgfsys.sty
(/usr/local/texlive/2015/texmf-dist/tex/generic/pgf/systemlayer/pgfsys.code.tex
Package: pgfsys 2013/11/30 v3.0.0 (rcs-revision 1.47)
(/usr/local/texlive/2015/texmf-dist/tex/generic/pgf/utilities/pgfkeys.code.tex)
\pgf@x=\dimen181
\pgf@y=\dimen182
\pgf@xa=\dimen183
\pgf@ya=\dimen184
\pgf@xb=\dimen185
\pgf@yb=\dimen186
\pgf@xc=\dimen187
\pgf@yc=\dimen188
\w@pgf@writea=\write3
\r@pgf@reada=\read3
\c@pgf@counta=\count153
\c@pgf@countb=\count154
\c@pgf@countc=\count155
\c@pgf@countd=\count156
\t@pgf@toka=\toks48
\t@pgf@tokb=\toks49
\t@pgf@tokc=\toks50
(/usr/local/texlive/2015/texmf-dist/tex/generic/pgf/systemlayer/pgf.cfg
File: pgf.cfg 2008/05/14  (rcs-revision 1.7)
)
Driver file for pgf: pgfsys-dvips.def

(/usr/local/texlive/2015/texmf-dist/tex/generic/pgf/systemlayer/pgfsys-dvips.de
f
File: pgfsys-dvips.def 2013/07/16  (rcs-revision 1.23)

(/usr/local/texlive/2015/texmf-dist/tex/generic/pgf/systemlayer/pgfsys-common-p
ostscript.def
File: pgfsys-common-postscript.def 2008/10/01  (rcs-revision 1.22)
\pgf@objectcount=\count157
)))
(/usr/local/texlive/2015/texmf-dist/tex/generic/pgf/systemlayer/pgfsyssoftpath.
code.tex
File: pgfsyssoftpath.code.tex 2013/09/09  (rcs-revision 1.9)
\pgfsyssoftpath@smallbuffer@items=\count158
\pgfsyssoftpath@bigbuffer@items=\count159
)
(/usr/local/texlive/2015/texmf-dist/tex/generic/pgf/systemlayer/pgfsysprotocol.
code.tex
File: pgfsysprotocol.code.tex 2006/10/16  (rcs-revision 1.4)
))
(/usr/local/texlive/2015/texmf-dist/tex/generic/pgf/basiclayer/pgfcore.code.tex
Package: pgfcore 2010/04/11 v3.0.0 (rcs-revision 1.7)
(/usr/local/texlive/2015/texmf-dist/tex/generic/pgf/math/pgfmath.code.tex)
(/usr/local/texlive/2015/texmf-dist/tex/generic/pgf/basiclayer/pgfcorepoints.co
de.tex
File: pgfcorepoints.code.tex 2013/10/07  (rcs-revision 1.27)
\pgf@picminx=\dimen189
\pgf@picmaxx=\dimen190
\pgf@picminy=\dimen191
\pgf@picmaxy=\dimen192
\pgf@pathminx=\dimen193
\pgf@pathmaxx=\dimen194
\pgf@pathminy=\dimen195
\pgf@pathmaxy=\dimen196
\pgf@xx=\dimen197
\pgf@xy=\dimen198
\pgf@yx=\dimen199
\pgf@yy=\dimen200
\pgf@zx=\dimen201
\pgf@zy=\dimen202
)
(/usr/local/texlive/2015/texmf-dist/tex/generic/pgf/basiclayer/pgfcorepathconst
ruct.code.tex
File: pgfcorepathconstruct.code.tex 2013/10/07  (rcs-revision 1.29)
\pgf@path@lastx=\dimen203
\pgf@path@lasty=\dimen204
)
(/usr/local/texlive/2015/texmf-dist/tex/generic/pgf/basiclayer/pgfcorepathusage
.code.tex
File: pgfcorepathusage.code.tex 2013/12/13  (rcs-revision 1.23)
\pgf@shorten@end@additional=\dimen205
\pgf@shorten@start@additional=\dimen206
)
(/usr/local/texlive/2015/texmf-dist/tex/generic/pgf/basiclayer/pgfcorescopes.co
de.tex
File: pgfcorescopes.code.tex 2013/10/09  (rcs-revision 1.44)
\pgfpic=\box38
\pgf@hbox=\box39
\pgf@layerbox@main=\box40
\pgf@picture@serial@count=\count160
)
(/usr/local/texlive/2015/texmf-dist/tex/generic/pgf/basiclayer/pgfcoregraphicst
ate.code.tex
File: pgfcoregraphicstate.code.tex 2013/09/19  (rcs-revision 1.11)
\pgflinewidth=\dimen207
)
(/usr/local/texlive/2015/texmf-dist/tex/generic/pgf/basiclayer/pgfcoretransform
ations.code.tex
File: pgfcoretransformations.code.tex 2013/10/10  (rcs-revision 1.17)
\pgf@pt@x=\dimen208
\pgf@pt@y=\dimen209
\pgf@pt@temp=\dimen210
)
(/usr/local/texlive/2015/texmf-dist/tex/generic/pgf/basiclayer/pgfcorequick.cod
e.tex
File: pgfcorequick.code.tex 2008/10/09  (rcs-revision 1.3)
)
(/usr/local/texlive/2015/texmf-dist/tex/generic/pgf/basiclayer/pgfcoreobjects.c
ode.tex
File: pgfcoreobjects.code.tex 2006/10/11  (rcs-revision 1.2)
)
(/usr/local/texlive/2015/texmf-dist/tex/generic/pgf/basiclayer/pgfcorepathproce
ssing.code.tex
File: pgfcorepathprocessing.code.tex 2013/09/09  (rcs-revision 1.9)
)
(/usr/local/texlive/2015/texmf-dist/tex/generic/pgf/basiclayer/pgfcorearrows.co
de.tex
File: pgfcorearrows.code.tex 2013/11/07  (rcs-revision 1.40)
\pgfarrowsep=\dimen211
)
(/usr/local/texlive/2015/texmf-dist/tex/generic/pgf/basiclayer/pgfcoreshade.cod
e.tex
File: pgfcoreshade.code.tex 2013/07/15  (rcs-revision 1.15)
\pgf@max=\dimen212
\pgf@sys@shading@range@num=\count161
)
(/usr/local/texlive/2015/texmf-dist/tex/generic/pgf/basiclayer/pgfcoreimage.cod
e.tex
File: pgfcoreimage.code.tex 2013/07/15  (rcs-revision 1.18)

(/usr/local/texlive/2015/texmf-dist/tex/generic/pgf/basiclayer/pgfcoreexternal.
code.tex
File: pgfcoreexternal.code.tex 2013/07/15  (rcs-revision 1.20)
\pgfexternal@startupbox=\box41
))
(/usr/local/texlive/2015/texmf-dist/tex/generic/pgf/basiclayer/pgfcorelayers.co
de.tex
File: pgfcorelayers.code.tex 2013/07/18  (rcs-revision 1.7)
)
(/usr/local/texlive/2015/texmf-dist/tex/generic/pgf/basiclayer/pgfcoretranspare
ncy.code.tex
File: pgfcoretransparency.code.tex 2013/09/30  (rcs-revision 1.5)
)
(/usr/local/texlive/2015/texmf-dist/tex/generic/pgf/basiclayer/pgfcorepatterns.
code.tex
File: pgfcorepatterns.code.tex 2013/11/07  (rcs-revision 1.5)
)))
(/usr/local/texlive/2015/texmf-dist/tex/generic/pgf/modules/pgfmoduleshapes.cod
e.tex
File: pgfmoduleshapes.code.tex 2013/10/31  (rcs-revision 1.34)
\pgfnodeparttextbox=\box42
)
(/usr/local/texlive/2015/texmf-dist/tex/generic/pgf/modules/pgfmoduleplot.code.
tex
File: pgfmoduleplot.code.tex 2013/07/31  (rcs-revision 1.12)
)
(/usr/local/texlive/2015/texmf-dist/tex/latex/pgf/compatibility/pgfcomp-version
-0-65.sty
Package: pgfcomp-version-0-65 2007/07/03 v3.0.0 (rcs-revision 1.7)
\pgf@nodesepstart=\dimen213
\pgf@nodesepend=\dimen214
)
(/usr/local/texlive/2015/texmf-dist/tex/latex/pgf/compatibility/pgfcomp-version
-1-18.sty
Package: pgfcomp-version-1-18 2007/07/23 v3.0.0 (rcs-revision 1.1)
))
(/usr/local/texlive/2015/texmf-dist/tex/latex/pgf/utilities/pgffor.sty
(/usr/local/texlive/2015/texmf-dist/tex/latex/pgf/utilities/pgfkeys.sty
(/usr/local/texlive/2015/texmf-dist/tex/generic/pgf/utilities/pgfkeys.code.tex)
) (/usr/local/texlive/2015/texmf-dist/tex/latex/pgf/math/pgfmath.sty
(/usr/local/texlive/2015/texmf-dist/tex/generic/pgf/math/pgfmath.code.tex))
(/usr/local/texlive/2015/texmf-dist/tex/generic/pgf/utilities/pgffor.code.tex
Package: pgffor 2013/12/13 v3.0.0 (rcs-revision 1.25)

(/usr/local/texlive/2015/texmf-dist/tex/generic/pgf/math/pgfmath.code.tex)
\pgffor@iter=\dimen215
\pgffor@skip=\dimen216
\pgffor@stack=\toks51
\pgffor@toks=\toks52
))
(/usr/local/texlive/2015/texmf-dist/tex/generic/pgf/frontendlayer/tikz/tikz.cod
e.tex
Package: tikz 2013/12/13 v3.0.0 (rcs-revision 1.142)

(/usr/local/texlive/2015/texmf-dist/tex/generic/pgf/libraries/pgflibraryplothan
dlers.code.tex
File: pgflibraryplothandlers.code.tex 2013/08/31 v3.0.0 (rcs-revision 1.20)
\pgf@plot@mark@count=\count162
\pgfplotmarksize=\dimen217
)
\tikz@lastx=\dimen218
\tikz@lasty=\dimen219
\tikz@lastxsaved=\dimen220
\tikz@lastysaved=\dimen221
\tikzleveldistance=\dimen222
\tikzsiblingdistance=\dimen223
\tikz@figbox=\box43
\tikz@figbox@bg=\box44
\tikz@tempbox=\box45
\tikz@tempbox@bg=\box46
\tikztreelevel=\count163
\tikznumberofchildren=\count164
\tikznumberofcurrentchild=\count165
\tikz@fig@count=\count166

(/usr/local/texlive/2015/texmf-dist/tex/generic/pgf/modules/pgfmodulematrix.cod
e.tex
File: pgfmodulematrix.code.tex 2013/09/17  (rcs-revision 1.8)
\pgfmatrixcurrentrow=\count167
\pgfmatrixcurrentcolumn=\count168
\pgf@matrix@numberofcolumns=\count169
)
\tikz@expandcount=\count170

(/usr/local/texlive/2015/texmf-dist/tex/generic/pgf/frontendlayer/tikz/librarie
s/tikzlibrarytopaths.code.tex
File: tikzlibrarytopaths.code.tex 2008/06/17 v3.0.0 (rcs-revision 1.2)
)))
(/usr/local/texlive/2015/texmf-dist/tex/latex/booktabs/booktabs.sty
Package: booktabs 2005/04/14 v1.61803 publication quality tables
\heavyrulewidth=\dimen224
\lightrulewidth=\dimen225
\cmidrulewidth=\dimen226
\belowrulesep=\dimen227
\belowbottomsep=\dimen228
\aboverulesep=\dimen229
\abovetopsep=\dimen230
\cmidrulesep=\dimen231
\cmidrulekern=\dimen232
\defaultaddspace=\dimen233
\@cmidla=\count171
\@cmidlb=\count172
\@aboverulesep=\dimen256
\@belowrulesep=\dimen257
\@thisruleclass=\count173
\@lastruleclass=\count174
\@thisrulewidth=\dimen258
)
(/usr/local/texlive/2015/texmf-dist/tex/latex/acronym/acronym.sty
Package: acronym 2015/03/21 v1.41 Support for acronyms (Tobias Oetiker)

(/usr/local/texlive/2015/texmf-dist/tex/latex/bigfoot/suffix.sty
Package: suffix 2006/07/15 1.5a Variant command support
)
(/usr/local/texlive/2015/texmf-dist/tex/generic/xstring/xstring.sty
(/usr/local/texlive/2015/texmf-dist/tex/generic/xstring/xstring.tex
\@xs@message=\write4
\integerpart=\count175
\decimalpart=\count176
)
Package: xstring 2013/10/13  v1.7c  String manipulations (C Tellechea)
)
\AC@clearlist=\toks53
)
(/usr/local/texlive/2015/texmf-dist/tex/latex/hyperref/hyperref.sty
Package: hyperref 2012/11/06 v6.83m Hypertext links for LaTeX

(/usr/local/texlive/2015/texmf-dist/tex/generic/oberdiek/hobsub-hyperref.sty
Package: hobsub-hyperref 2012/05/28 v1.13 Bundle oberdiek, subset hyperref (HO)


(/usr/local/texlive/2015/texmf-dist/tex/generic/oberdiek/hobsub-generic.sty
Package: hobsub-generic 2012/05/28 v1.13 Bundle oberdiek, subset generic (HO)
Package: hobsub 2012/05/28 v1.13 Construct package bundles (HO)
Package: infwarerr 2010/04/08 v1.3 Providing info/warning/error messages (HO)
Package: ltxcmds 2011/11/09 v1.22 LaTeX kernel commands for general use (HO)
Package: ifluatex 2010/03/01 v1.3 Provides the ifluatex switch (HO)
Package ifluatex Info: LuaTeX not detected.
Package: ifvtex 2010/03/01 v1.5 Detect VTeX and its facilities (HO)
Package ifvtex Info: VTeX not detected.
Package: intcalc 2007/09/27 v1.1 Expandable calculations with integers (HO)
Package hobsub Info: Skipping package `ifpdf' (already loaded).
Package: etexcmds 2011/02/16 v1.5 Avoid name clashes with e-TeX commands (HO)
Package etexcmds Info: Could not find \expanded.
(etexcmds)             That can mean that you are not using pdfTeX 1.50 or
(etexcmds)             that some package has redefined \expanded.
(etexcmds)             In the latter case, load this package earlier.
Package: kvsetkeys 2012/04/25 v1.16 Key value parser (HO)
Package: kvdefinekeys 2011/04/07 v1.3 Define keys (HO)
Package: pdftexcmds 2011/11/29 v0.20 Utility functions of pdfTeX for LuaTeX (HO
)
Package pdftexcmds Info: LuaTeX not detected.
Package pdftexcmds Info: \pdf@primitive is available.
Package pdftexcmds Info: \pdf@ifprimitive is available.
Package pdftexcmds Info: \pdfdraftmode is ignored in DVI mode.
Package: pdfescape 2011/11/25 v1.13 Implements pdfTeX's escape features (HO)
Package: bigintcalc 2012/04/08 v1.3 Expandable calculations on big integers (HO
)
Package: bitset 2011/01/30 v1.1 Handle bit-vector datatype (HO)
Package: uniquecounter 2011/01/30 v1.2 Provide unlimited unique counter (HO)
)
Package hobsub Info: Skipping package `hobsub' (already loaded).
Package: letltxmacro 2010/09/02 v1.4 Let assignment for LaTeX macros (HO)
Package: hopatch 2012/05/28 v1.2 Wrapper for package hooks (HO)
Package: xcolor-patch 2011/01/30 xcolor patch
Package: atveryend 2011/06/30 v1.8 Hooks at the very end of document (HO)
Package atveryend Info: \enddocument detected (standard20110627).
Package: atbegshi 2011/10/05 v1.16 At begin shipout hook (HO)
Package: refcount 2011/10/16 v3.4 Data extraction from label references (HO)
Package: hycolor 2011/01/30 v1.7 Color options for hyperref/bookmark (HO)
)
(/usr/local/texlive/2015/texmf-dist/tex/generic/ifxetex/ifxetex.sty
Package: ifxetex 2010/09/12 v0.6 Provides ifxetex conditional
)
(/usr/local/texlive/2015/texmf-dist/tex/latex/oberdiek/auxhook.sty
Package: auxhook 2011/03/04 v1.3 Hooks for auxiliary files (HO)
)
(/usr/local/texlive/2015/texmf-dist/tex/latex/oberdiek/kvoptions.sty
Package: kvoptions 2011/06/30 v3.11 Key value format for package options (HO)
)
\@linkdim=\dimen259
\Hy@linkcounter=\count177
\Hy@pagecounter=\count178

(/usr/local/texlive/2015/texmf-dist/tex/latex/hyperref/pd1enc.def
File: pd1enc.def 2012/11/06 v6.83m Hyperref: PDFDocEncoding definition (HO)
Now handling font encoding PD1 ...
... no UTF-8 mapping file for font encoding PD1
)
\Hy@SavedSpaceFactor=\count179

(/usr/local/texlive/2015/texmf-dist/tex/latex/latexconfig/hyperref.cfg
File: hyperref.cfg 2002/06/06 v1.2 hyperref configuration of TeXLive
)
Package hyperref Info: Option `unicode' set `true' on input line 4319.

(/usr/local/texlive/2015/texmf-dist/tex/latex/hyperref/puenc.def
File: puenc.def 2012/11/06 v6.83m Hyperref: PDF Unicode definition (HO)
Now handling font encoding PU ...
... no UTF-8 mapping file for font encoding PU
)
Package hyperref Info: Hyper figures OFF on input line 4443.
Package hyperref Info: Link nesting OFF on input line 4448.
Package hyperref Info: Hyper index ON on input line 4451.
Package hyperref Info: Plain pages OFF on input line 4458.
Package hyperref Info: Backreferencing OFF on input line 4463.
Package hyperref Info: Implicit mode ON; LaTeX internals redefined.
Package hyperref Info: Bookmarks ON on input line 4688.
\c@Hy@tempcnt=\count180

(/usr/local/texlive/2015/texmf-dist/tex/latex/url/url.sty
\Urlmuskip=\muskip11
Package: url 2013/09/16  ver 3.4  Verb mode for urls, etc.
)
LaTeX Info: Redefining \url on input line 5041.
\XeTeXLinkMargin=\dimen260
\Fld@menulength=\count181
\Field@Width=\dimen261
\Fld@charsize=\dimen262
Package hyperref Info: Hyper figures OFF on input line 6295.
Package hyperref Info: Link nesting OFF on input line 6300.
Package hyperref Info: Hyper index ON on input line 6303.
Package hyperref Info: backreferencing OFF on input line 6310.
Package hyperref Info: Link coloring OFF on input line 6315.
Package hyperref Info: Link coloring with OCG OFF on input line 6320.
Package hyperref Info: PDF/A mode OFF on input line 6325.
LaTeX Info: Redefining \ref on input line 6365.
LaTeX Info: Redefining \pageref on input line 6369.
\Hy@abspage=\count182
\c@Item=\count183
\c@Hfootnote=\count184
)

Package hyperref Message: Driver (default): hdvips.

(/usr/local/texlive/2015/texmf-dist/tex/latex/hyperref/hdvips.def
File: hdvips.def 2012/11/06 v6.83m Hyperref driver for dvips

(/usr/local/texlive/2015/texmf-dist/tex/latex/hyperref/pdfmark.def
File: pdfmark.def 2012/11/06 v6.83m Hyperref definitions for pdfmark specials
\pdf@docset=\toks54
\pdf@box=\box47
\pdf@toks=\toks55
\pdf@defaulttoks=\toks56
\HyField@AnnotCount=\count185
\Fld@listcount=\count186
\c@bookmark@seq@number=\count187

(/usr/local/texlive/2015/texmf-dist/tex/latex/oberdiek/rerunfilecheck.sty
Package: rerunfilecheck 2011/04/15 v1.7 Rerun checks for auxiliary files (HO)
Package uniquecounter Info: New unique counter `rerunfilecheck' on input line 2
82.
)
\Hy@SectionHShift=\skip53
))

LaTeX Warning: Unused global option(s):
    [headings=optiontohead].

(./main.aux (./title_pages.aux) (./intro.aux) (./background.aux

LaTeX Warning: Label `eq:freq' multiply defined.

) (./training.aux) (./decoder.aux) (./integration.aux

LaTeX Warning: Label `sec:results' multiply defined.


LaTeX Warning: Label `fig:wer' multiply defined.

) (./conclusion.aux) (./acronyms.aux) (./cd_content.aux))
\openout1 = `main.aux'.

LaTeX Font Info:    Checking defaults for OML/cmm/m/it on input line 105.
LaTeX Font Info:    ... okay on input line 105.
LaTeX Font Info:    Checking defaults for T1/cmr/m/n on input line 105.
LaTeX Font Info:    ... okay on input line 105.
LaTeX Font Info:    Checking defaults for OT1/cmr/m/n on input line 105.
LaTeX Font Info:    ... okay on input line 105.
LaTeX Font Info:    Checking defaults for OMS/cmsy/m/n on input line 105.
LaTeX Font Info:    ... okay on input line 105.
LaTeX Font Info:    Checking defaults for OMX/cmex/m/n on input line 105.
LaTeX Font Info:    ... okay on input line 105.
LaTeX Font Info:    Checking defaults for U/cmr/m/n on input line 105.
LaTeX Font Info:    ... okay on input line 105.
LaTeX Font Info:    Checking defaults for PD1/pdf/m/n on input line 105.
LaTeX Font Info:    ... okay on input line 105.
LaTeX Font Info:    Checking defaults for PU/pdf/m/n on input line 105.
LaTeX Font Info:    ... okay on input line 105.
\c@lstlisting=\count188

ABD: EveryShipout initializing macros
\AtBeginShipoutBox=\box48
Package hyperref Info: Link coloring OFF on input line 105.

(/usr/local/texlive/2015/texmf-dist/tex/latex/hyperref/nameref.sty
Package: nameref 2012/10/27 v2.43 Cross-referencing by name of section

(/usr/local/texlive/2015/texmf-dist/tex/generic/oberdiek/gettitlestring.sty
Package: gettitlestring 2010/12/03 v1.4 Cleanup title references (HO)
)
\c@section@level=\count189
)
LaTeX Info: Redefining \ref on input line 105.
LaTeX Info: Redefining \pageref on input line 105.
LaTeX Info: Redefining \nameref on input line 105.

(./main.out) (./main.out)
\@outlinefile=\write5
\openout5 = `main.out'.

\c@thm=\count190
\tabindent=\skip54
) (./snippets/c_style.tex)
(./snippets/python_style.tex)
\openout2 = `title_pages.aux'.

 (./title_pages.tex
File: ./images/logo.eps Graphic file (type eps)
 <./images/logo.eps> [1



]
Overfull \hbox (19.18085pt too wide) in paragraph at lines 82--84
[]\T1/cmr/m/n/12 I de-clare that I wrote my mas-ter the-sis in-de-pen-dently an
d ex-clu-sively with the use
 []


Overfull \vbox (7.96234pt too high) has occurred while \output is active []


[2]
Underfull \hbox (badness 10000) in paragraph at lines 95--98

 []


Underfull \hbox (badness 10000) in paragraph at lines 102--107

 []


Underfull \hbox (badness 10000) in paragraph at lines 120--126

 []


Overfull \vbox (7.96234pt too high) has occurred while \output is active []


[3]
Overfull \vbox (7.96234pt too high) has occurred while \output is active []


[4

]) (./main.toc
LaTeX Font Info:    Try loading font information for U+msa on input line 2.
 (/usr/local/texlive/2015/texmf-dist/tex/latex/amsfonts/umsa.fd
File: umsa.fd 2013/01/14 v3.01 AMS symbols A
)
LaTeX Font Info:    Try loading font information for U+msb on input line 2.
 (/usr/local/texlive/2015/texmf-dist/tex/latex/amsfonts/umsb.fd
File: umsb.fd 2013/01/14 v3.01 AMS symbols B
)
Package acronym Info: Label `acro:HTK' newly defined as it shall be overridden
although it is yet undefined on input line 13.
 [1


])
\tf@toc=\write6
\openout6 = `main.toc'.

 [2]
\openout2 = `intro.aux'.


(./intro.tex
Chapter 1.
Package acronym Info: Label `acro:ASR' newly defined as it shall be overridden
although it is yet undefined on input line 11.
LaTeX Font Info:    Try loading font information for T1+cmtt on input line 25.
(/usr/local/texlive/2015/texmf-dist/tex/latex/base/t1cmtt.fd
File: t1cmtt.fd 2014/09/29 v2.5h Standard LaTeX font definitions
)
Package acronym Info: Label `acro:AM' newly defined as it shall be overridden
although it is yet undefined on input line 32.
Package acronym Info: Label `acro:SDS' newly defined as it shall be overridden
although it is yet undefined on input line 34.
 [3


]
Package acronym Info: Label `acro:GPU' newly defined as it shall be overridden
although it is yet undefined on input line 54.
Package acronym Info: Label `acro:DNN' newly defined as it shall be overridden
although it is yet undefined on input line 54.
) [4]
\openout2 = `background.aux'.


(./background.tex
Chapter 2.
Package acronym Info: Label `acro:LM' newly defined as it shall be overridden
although it is yet undefined on input line 4.
Package acronym Info: Label `acro:HMM' newly defined as it shall be overridden
although it is yet undefined on input line 6.
(./images/asr-components.tex
LaTeX Font Info:    Try loading font information for T1+ptm on input line 31.

(/usr/local/texlive/2015/texmf-dist/tex/latex/psnfss/t1ptm.fd
File: t1ptm.fd 2001/06/04 font definitions for T1/ptm.
)) [5



]
LaTeX Font Info:    Try loading font information for OMS+cmr on input line 47.

(/usr/local/texlive/2015/texmf-dist/tex/latex/base/omscmr.fd
File: omscmr.fd 2014/09/29 v2.5h Standard LaTeX font definitions
)
LaTeX Font Info:    Font shape `OMS/cmr/m/n' in size <12> not available
(Font)              Font shape `OMS/cmsy/m/n' tried instead on input line 47.
Package acronym Info: Label `acro:MFCC' newly defined as it shall be overridden

although it is yet undefined on input line 58.
Package acronym Info: Label `acro:PLP' newly defined as it shall be overridden
although it is yet undefined on input line 58.
 [6]
(./images/mfcc_window.tex)
Package acronym Info: Label `acro:DFT' newly defined as it shall be overridden
although it is yet undefined on input line 89.
 (./images/mfcc-delta.tex)
Overfull \hbox (34.37956pt too wide) in paragraph at lines 44--100
 [][] 
 []

[7]
Package acronym Info: Label `acro:HLDA' newly defined as it shall be overridden

although it is yet undefined on input line 118.
Package acronym Info: Label `acro:LDA' newly defined as it shall be overridden
although it is yet undefined on input line 119.
Package acronym Info: Label `acro:MLLT' newly defined as it shall be overridden

although it is yet undefined on input line 120.
Package acronym Info: Label `acro:STC' newly defined as it shall be overridden
although it is yet undefined on input line 120.
Package acronym Info: Label `acro:ET' newly defined as it shall be overridden
although it is yet undefined on input line 121.
Package acronym Info: Label `acro:CMVN' newly defined as it shall be overridden

although it is yet undefined on input line 122.
 [8] [9]
Package acronym Info: Label `acro:EM' newly defined as it shall be overridden
although it is yet undefined on input line 196.
 [10]
Package acronym Info: Label `acro:MLE' newly defined as it shall be overridden
although it is yet undefined on input line 207.
 (./images/hmm-words.tex)
Package acronym Info: Label `acro:IID' newly defined as it shall be overridden
although it is yet undefined on input line 219.
 [11] [12] [13]
Package acronym Info: Label `acro:LMW' newly defined as it shall be overridden
although it is yet undefined on input line 345.
 [14]
(./images/hmm-lm.tex) (./images/hmm-alt.tex) [15] [16]
File: images/toy_lattice.ps Graphic file (type eps)
 <images/toy_lattice.ps>
[17]
Package acronym Info: Label `acro:WER' newly defined as it shall be overridden
although it is yet undefined on input line 454.

Overfull \hbox (25.09938pt too wide) detected at line 460
[]\OML/cmm/m/it/12 WER \OT1/cmr/m/n/12 = 100 \OMS/cmsy/m/n/12 ^^C []
 []

[18]
Package acronym Info: Label `acro:SER' newly defined as it shall be overridden
although it is yet undefined on input line 497.
Package acronym Info: Label `acro:RTF' newly defined as it shall be overridden
although it is yet undefined on input line 508.
 [19]
File: images/htk_tools.ps Graphic file (type eps)
 <images/htk_tools.ps> [20]
Underfull \hbox (badness 10000) in paragraph at lines 552--552
[][][][][]\T1/cmr/m/n/10 You need to reg-is-ter even to see the li-cense:
 []

File: images/kaldi-lib.eps Graphic file (type eps)
<images/kaldi-lib.eps> [21] [22]
Package acronym Info: Label `acro:FST' newly defined as it shall be overridden
although it is yet undefined on input line 636.
Package acronym Info: Label `acro:PDF' newly defined as it shall be overridden
although it is yet undefined on input line 655.

Overfull \hbox (45.66798pt too wide) in paragraph at lines 658--658
[][][][][]\T1/cmr/m/n/10 Kaldi tu-to-rial on build-ing $\OML/cmm/m/it/10 HCLG$\
T1/cmr/m/n/10 : [][][][]| 
 []

[23]) [24]
\openout2 = `training.aux'.

 (./training.tex
Chapter 3.

Overfull \hbox (23.624pt too wide) in paragraph at lines 25--25
[][]\T1/cmtt/m/n/12 I NEED TO FIND A PUB IT SHOULD ALLOW CHILDREN AND HAVE A TE
LEVISION[] 
 []


LaTeX Warning: Characters dropped after `\end{verbatim}' on input line 26.

Package acronym Info: Label `acro:PTI' newly defined as it shall be overridden
although it is yet undefined on input line 32.
Package acronym Info: Label `acro:TTS' newly defined as it shall be overridden
although it is yet undefined on input line 37.
[25



] [26]
Package acronym Info: Label `acro:MMI' newly defined as it shall be overridden
although it is yet undefined on input line 120.
 (./images/am-deps.tex) [27]
Overfull \hbox (18.4527pt too wide) in paragraph at lines 183--188
\T1/cmr/m/it/12 states=14000 \T1/cmr/m/n/12 and Lan-guage Model Weight[]. The [
][] pa-ram-e-ter sets the weight
 []

[28]
File: images/partial-zerogram.ps Graphic file (type eps)
 <images/partial-zerogram.ps> [29]
File: images/partial-lm-tri2b-bmmi.ps Graphic file (type eps)
 <images/partial-lm-tri2b-bmmi.ps>
[30]
Package acronym Info: Label `acro:OOV' newly defined as it shall be overridden
although it is yet undefined on input line 313.
Package acronym Info: Label `acro:bMMI' newly defined as it shall be overridden

although it is yet undefined on input line 321.
Package acronym Info: Label `acro:MPE' newly defined as it shall be overridden
although it is yet undefined on input line 321.
 [31]) [32]
\openout2 = `decoder.aux'.

 (./decoder.tex
Chapter 4.
[33



]
Overfull \hbox (13.85977pt too wide) in paragraph at lines 44--45
[]\T1/cmr/m/n/12 The \T1/cmr/m/it/12 On-lineLat-gen-Recog-niser \T1/cmr/m/n/12 
makes use of the in-cre-men-tal speech pre-processing
 []

(/usr/local/texlive/2015/texmf-dist/tex/latex/listings/lstlang1.sty
File: lstlang1.sty 2014/09/06 1.5e listings language file
)
(/usr/local/texlive/2015/texmf-dist/tex/latex/listings/lstlang1.sty
File: lstlang1.sty 2014/09/06 1.5e listings language file
)
(/usr/local/texlive/2015/texmf-dist/tex/latex/listings/lstmisc.sty
File: lstmisc.sty 2014/09/06 1.5e (Carsten Heinz)
)
(./snippets/rec_usage.cc
LaTeX Font Info:    Font shape `T1/cmtt/bx/n' in size <8> not available
(Font)              Font shape `T1/cmtt/m/n' tried instead on input line 6.
)

LaTeX Warning: `h' float specifier changed to `ht'.


Overfull \hbox (5.02385pt too wide) in paragraph at lines 70--71
[][]\T1/cmr/m/n/12 Decoding should re-turn a num-ber of ac-tu-ally de-coded fra
mes. The recog-
 []

[34]
Overfull \hbox (3.20676pt too wide) in paragraph at lines 79--83
[][]\T1/cmr/m/n/12 On the other hand, ex-tract-ing the word pos-te-rior lat-tic
e may block the pro-
 []

[35] [36]
Overfull \hbox (11.15439pt too wide) in paragraph at lines 140--141
[][]\T1/cmr/m/n/12 The [][] fea-tures are com-puted on over-lap-ping au-dio win
-dow. The new
 []


Overfull \hbox (1.9192pt too wide) in paragraph at lines 143--144
[][]$\OT1/cmr/m/n/12 ^^A + ^^A^^A$ \T1/cmr/m/n/12 re-quires at least two pre-vi
-ous frames, if avail-able the acous-
 []


Overfull \hbox (10.71466pt too wide) in paragraph at lines 148--149
[][]\T1/cmr/m/n/12 The de-coder it-self per-forms the search in state level spa
ce hav-ing the prob-
 []

(./images/online_pipeline.tex)
Overfull \hbox (2.68326pt too wide) in paragraph at lines 164--169
[][]\T1/cmr/m/n/12 The on-line im-ple-men-ta-tion \T1/cmr/m/it/12 OnlDe-cod-abl
e-Di-ag-Gmm-Scaled \T1/cmr/m/n/12 of \T1/cmr/m/it/12 De-cod-ableIn-
 []

[37]
Overfull \hbox (6.34206pt too wide) in paragraph at lines 250--251
[][]\T1/cmr/m/n/12 The com-put-ing of the pos-te-rior prob-a-bil-i-ties through
 a stan-dard forward-
 []

(./snippets/compact2wordpost.cc)

LaTeX Warning: `h' float specifier changed to `ht'.


Overfull \hbox (5.68665pt too wide) in paragraph at lines 259--263
[][]\T1/cmr/m/n/12 The word pos-te-rior prob-a-bil-ity is con-verted from the l
ike-li-hood of the words
 []

[38] (/usr/local/texlive/2015/texmf-dist/tex/latex/listings/lstlang1.sty
File: lstlang1.sty 2014/09/06 1.5e listings language file
)
(./snippets/pykaldi_usage.py)

LaTeX Warning: `h' float specifier changed to `ht'.


Overfull \hbox (11.65205pt too wide) in paragraph at lines 391--391
[][][][][][][][][]| 
 []

[39])
Overfull \hbox (28.81245pt too wide) in paragraph at lines 406--18
\T1/cmr/m/n/12 gen-er-a-tive train-ing and dis-crim-i-na-tive train-ing us-ing 
[][] and [][]. The [][],
 []

[40]
\openout2 = `integration.aux'.

 (./integration.tex
Chapter 5.
Package acronym Info: Label `acro:VAD' newly defined as it shall be overridden
although it is yet undefined on input line 18.
Package acronym Info: Label `acro:SLU' newly defined as it shall be overridden
although it is yet undefined on input line 20.
Package acronym Info: Label `acro:DM' newly defined as it shall be overridden
although it is yet undefined on input line 21.
Package acronym Info: Label `acro:NLG' newly defined as it shall be overridden
although it is yet undefined on input line 22.
(./images/ds-diagram.tex)
Overfull \hbox (34.37956pt too wide) in paragraph at lines 66--37
 [][] 
 []

[41



]
Overfull \hbox (9.31999pt too wide) in paragraph at lines 71--74
[][]\T1/cmr/m/n/12 One can eas-ily choose an [][] recog-niser in Alex con-fig-u
-ra-tion file. The con-
 []

[42]
Overfull \hbox (6.83356pt too wide) in paragraph at lines 91--97
[][]\T1/cmr/m/n/12 The \T1/cmr/m/it/12 Py-On-lineLat-gen-Recog-niser \T1/cmr/m/
n/12 in-te-gra-tion is de-scribed in Sub-sec-tion [][][][].
 []


Overfull \hbox (5.05219pt too wide) in paragraph at lines 102--106
[][]\T1/cmr/m/n/12 If [][] de-tects start of speech in the in-put au-dio stream
, it sends the speech
 []

[43] (./snippets/asr_interface.py)
Overfull \hbox (2.27469pt too wide) in paragraph at lines 115--118
\T1/cmr/m/n/12 the two meth-ods \T1/cmr/m/it/12 rec_in \T1/cmr/m/n/12 and \T1/c
mr/m/it/12 hyp_out \T1/cmr/m/n/12 are used for de-cod-ing. Since the method
 []

[44]
Package acronym Info: Label `acro:WST' newly defined as it shall be overridden
although it is yet undefined on input line 165.
 [45]
File: ./images/beam_vs_rtfwer.pdf.ps Graphic file (type eps)
 <./images/beam_vs_rtfwer.pdf.ps>
File: ./images/latbeam_vs_latwer.pdf.ps Graphic file (type eps)
 <./images/latbeam_vs_latwer.pdf.ps>
[46]
File: ./images/frtf_vs_prc.pdf.ps Graphic file (type eps)
 <./images/frtf_vs_prc.pdf.ps>
File: ./images/lat_vs_prc.pdf.ps Graphic file (type eps)
 <./images/lat_vs_prc.pdf.ps>
File: ./images/lat_cloud_kaldi.pdf.ps Graphic file (type eps)

<./images/lat_cloud_kaldi.pdf.ps>
Underfull \vbox (badness 10000) has occurred while \output is active []

 [47])
[48] [49]
\openout2 = `conclusion.aux'.

 (./conclusion.tex [50



]
Chapter 6.

Underfull \hbox (badness 10000) in paragraph at lines 18--18
[][][][][][][][][]
 []


Overfull \hbox (27.39821pt too wide) in paragraph at lines 19--19
[][][][][][][][][]| 
 []

) [51] [52]
\openout2 = `acronyms.aux'.

 (./acronyms.tex
Appendix A.
[53



]) [54]
\openout2 = `cd_content.aux'.

 (./cd_content.tex
Appendix B.

Overfull \hbox (2.84749pt too wide) in paragraph at lines 11--12
[][]\T1/cmr/m/it/12 alex/applications/PublicTransportInfoCs/hclg/ \T1/cmr/m/n/1
2 --- De-cod-ing graph
 []


Overfull \hbox (2.29211pt too wide) in paragraph at lines 15--16
[][]\T1/cmr/m/it/12 src/onl-rec \T1/cmr/m/n/12 --- Im-ple-men-ta-tion of \T1/cm
r/m/it/12 On-lineLat-gen-Recog-niser \T1/cmr/m/n/12 and util-
 []


Underfull \hbox (badness 10000) in paragraph at lines 17--17
[][][][][]\T1/cmr/m/n/10 The same scripts were in-te-grated into Kaldi svn trun
k repos-i-tory.
 []


Underfull \hbox (badness 10000) in paragraph at lines 17--17
\T1/cmr/m/n/10 How-ever, the scripts are sep-a-rated for Czech and En-glish dat
a. See
 []


Underfull \hbox (badness 10000) in paragraph at lines 17--17
[][][][]
 []


Overfull \hbox (0.721pt too wide) in paragraph at lines 21--22
[][]\T1/cmr/m/n/12 Pykaldi-eval --- Repos-i-tory for eval-u-a-tion On-lineLat-g
en-Recog-niser writ-
 []

) [55



] (./main.bbl [56


]
Underfull \hbox (badness 10000) in paragraph at lines 11--13
[][]\T1/cmr/m/n/12 ADSF, \T1/cmr/m/it/12 The Alex Di-a-logue Sys-tems Frame-wor
k\T1/cmr/m/n/12 , April 2014,
 []

[57]
Underfull \hbox (badness 10000) in paragraph at lines 97--100
[][]\T1/cmr/m/n/12 Filip Ju-rek, \T1/cmr/m/it/12 VYS-TA-DIAL: De-vel-op-ment
 of sta-tis-ti-
 []


Underfull \hbox (badness 10000) in paragraph at lines 97--100
\T1/cmr/m/it/12 cal meth-ods for spo-ken di-a-logue sys-tems\T1/cmr/m/n/12 , Ap
ril 2014,
 []


Underfull \hbox (badness 10000) in paragraph at lines 138--140
[][]\T1/cmr/m/n/12 Daniel Povey, \T1/cmr/m/it/12 The Kaldi ASR toolkit\T1/cmr/m
/n/12 , April 2014,
 []

[58]
Underfull \hbox (badness 10000) in paragraph at lines 201--203
[][]\T1/cmr/m/n/12 Michael Ri-ley, \T1/cmr/m/it/12 Open-Fst Quick Tour\T1/cmr/m
/n/12 , April 2014,
 []

[59] [60]) [61]
Package atveryend Info: Empty hook `BeforeClearDocument' on input line 37.
Package atveryend Info: Empty hook `AfterLastShipout' on input line 37.
 (./main.aux (./title_pages.aux) (./intro.aux) (./background.aux) (./training.a
ux) (./decoder.aux) (./integration.aux) (./conclusion.aux)
(./acronyms.aux) (./cd_content.aux))
Package atveryend Info: Empty hook `AtVeryEndDocument' on input line 37.
Package atveryend Info: Executing hook `AtEndAfterFileList' on input line 37.
Package rerunfilecheck Info: File `main.out' has not changed.
(rerunfilecheck)             Checksum: DDB682A5CE02C84DE1CFB14D1821545C;6728.


LaTeX Warning: There were multiply-defined labels.

Package atveryend Info: Empty hook `AtVeryVeryEnd' on input line 37.
 ) 
Here is how much of TeX's memory you used:
 25270 strings out of 493090
 425870 string characters out of 6134868
 655348 words of memory out of 5000000
 28168 multiletter control sequences out of 15000+600000
 39659 words of font info for 78 fonts, out of 8000000 for 9000
 1141 hyphenation exceptions out of 8191
 64i,17n,128p,969b,1470s stack positions out of 5000i,500n,10000p,200000b,80000s

Output written on main.dvi (65 pages, 615440 bytes).
